<?xml version="1.0" encoding="UTF-8"?>
<!-- Generated by org.testng.reporters.JUnitReportReporter -->
<testsuite hostname="DESKTOP-27H1EF4" failures="0" tests="4" name="com.qa.opencart.tests.LoginPageTest" time="2.856" errors="0" timestamp="2022-01-15T22:13:34 IST" skipped="0">
  <testcase classname="com.qa.opencart.tests.LoginPageTest" name="getLoginPageTitleTest" time="0.018"/>
  <system-out/>
  <testcase classname="com.qa.opencart.tests.LoginPageTest" name="getLoginPageUrlTest" time="0.010"/>
  <system-out/>
  <testcase classname="com.qa.opencart.tests.LoginPageTest" name="forgotPwdLinkTest" time="0.147"/>
  <system-out/>
  <testcase classname="com.qa.opencart.tests.LoginPageTest" name="doLoginTest" time="2.681"/>
  <system-out/>
</testsuite> <!-- com.qa.opencart.tests.LoginPageTest -->
