<?xml version="1.0" encoding="UTF-8"?>
<!-- Generated by org.testng.reporters.JUnitReportReporter -->
<testsuite hostname="DESKTOP-5OU80G3" failures="0" tests="1" name="com.qa.opencart.tests.ProductInfoTest" time="5.254" errors="0" timestamp="2022-01-18T17:19:51 IST" skipped="0">
  <testcase classname="com.qa.opencart.tests.ProductInfoTest" name="getProductInfoTest" time="5.254"/>
  <system-out/>
</testsuite> <!-- com.qa.opencart.tests.ProductInfoTest -->
