<?xml version="1.0" encoding="UTF-8"?>
<!-- Generated by org.testng.reporters.JUnitReportReporter -->
<testsuite hostname="DESKTOP-5OU80G3" failures="0" tests="4" name="com.qa.opencart.tests.AccountsPageTest" time="0.247" errors="0" timestamp="2022-01-21T10:39:09 IST" skipped="0">
  <testcase classname="com.qa.opencart.tests.AccountsPageTest" name="accountPageTitleTest" time="0.022"/>
  <system-out/>
  <testcase classname="com.qa.opencart.tests.AccountsPageTest" name="accountPageHeaderTest" time="0.051"/>
  <system-out/>
  <testcase classname="com.qa.opencart.tests.AccountsPageTest" name="accSectionListTest" time="0.098"/>
  <system-out/>
  <testcase classname="com.qa.opencart.tests.AccountsPageTest" name="logoutLinkTest" time="0.076"/>
  <system-out/>
</testsuite> <!-- com.qa.opencart.tests.AccountsPageTest -->
