<?xml version="1.0" encoding="UTF-8"?>
<!-- Generated by org.testng.reporters.JUnitReportReporter -->
<testsuite hostname="DESKTOP-27H1EF4" failures="0" tests="3" name="com.qa.opencart.tests.AccountsPageTest" time="0.127" errors="0" timestamp="2022-01-16T17:28:42 IST" skipped="0">
  <testcase classname="com.qa.opencart.tests.AccountsPageTest" name="accSectionListTest" time="0.082"/>
  <system-out/>
  <testcase classname="com.qa.opencart.tests.AccountsPageTest" name="accountPageTitleTest" time="0.009"/>
  <system-out/>
  <testcase classname="com.qa.opencart.tests.AccountsPageTest" name="accountPageHeaderTest" time="0.036"/>
  <system-out/>
</testsuite> <!-- com.qa.opencart.tests.AccountsPageTest -->
